<?xml version="1.0" encoding="UTF-8"?>
<!-- Generated by org.testng.reporters.JUnitXMLReporter -->
<testsuite ignored="0" hostname="CompU4" failures="0" tests="11" name="SearchAndAddProductsTest" time="32.812" errors="0" timestamp="2024-01-14T15:10:44 IST">
  <testcase classname="SearchAndAddProducts" name="isSearchIconVisible" time="0.617"/>
  <testcase classname="SearchAndAddProducts" name="isSearchBoxVisible" time="0.96"/>
  <testcase classname="SearchAndAddProducts" name="isSearchRelevant" time="0.501"/>
  <testcase classname="SearchAndAddProducts" name="noResultFound" time="3.488"/>
  <testcase classname="SearchAndAddProducts" name="isMultiWordSearchRelevant" time="1.755"/>
  <testcase classname="SearchAndAddProducts" name="isMixSearchRelevant" time="0.826"/>
  <testcase classname="SearchAndAddProducts" name="isProductValid" time="6.451"/>
  <testcase classname="SearchAndAddProducts" name="addToCart" time="0.313"/>
  <testcase classname="SearchAndAddProducts" name="isProductAdded" time="3.997"/>
  <testcase classname="SearchAndAddProducts" name="removeFromCart" time="0.823"/>
  <testcase classname="SearchAndAddProducts" name="isRemoved" time="0.599"/>
</testsuite> <!-- SearchAndAddProductsTest -->
